Determining if the pthread_create exist failed with the following output:
Change Dir: /home/bajro/Desktop/eth/ethminer/build/CMakeFiles/CMakeTmp

Run Build Command:"/usr/bin/make" "cmTC_2bdcb/fast"
/usr/bin/make -f CMakeFiles/cmTC_2bdcb.dir/build.make CMakeFiles/cmTC_2bdcb.dir/build
make[1]: Entering directory '/home/bajro/Desktop/eth/ethminer/build/CMakeFiles/CMakeTmp'
Building C object CMakeFiles/cmTC_2bdcb.dir/CheckSymbolExists.c.o
/usr/bin/cc    -o CMakeFiles/cmTC_2bdcb.dir/CheckSymbolExists.c.o   -c /home/bajro/Desktop/eth/ethminer/build/CMakeFiles/CMakeTmp/CheckSymbolExists.c
Linking C executable cmTC_2bdcb
/usr/bin/cmake -E cmake_link_script CMakeFiles/cmTC_2bdcb.dir/link.txt --verbose=1
/usr/bin/cc      CMakeFiles/cmTC_2bdcb.dir/CheckSymbolExists.c.o  -o cmTC_2bdcb 
/usr/bin/ld: CMakeFiles/cmTC_2bdcb.dir/CheckSymbolExists.c.o: in function `main':
CheckSymbolExists.c:(.text+0x1b): undefined reference to `pthread_create'
collect2: error: ld returned 1 exit status
make[1]: *** [CMakeFiles/cmTC_2bdcb.dir/build.make:87: cmTC_2bdcb] Error 1
make[1]: Leaving directory '/home/bajro/Desktop/eth/ethminer/build/CMakeFiles/CMakeTmp'
make: *** [Makefile:121: cmTC_2bdcb/fast] Error 2

File /home/bajro/Desktop/eth/ethminer/build/CMakeFiles/CMakeTmp/CheckSymbolExists.c:
/* */
#include <pthread.h>

int main(int argc, char** argv)
{
  (void)argv;
#ifndef pthread_create
  return ((int*)(&pthread_create))[argc];
#else
  (void)argc;
  return 0;
#endif
}

Determining if the function pthread_create exists in the pthreads failed with the following output:
Change Dir: /home/bajro/Desktop/eth/ethminer/build/CMakeFiles/CMakeTmp

Run Build Command:"/usr/bin/make" "cmTC_6ccd8/fast"
/usr/bin/make -f CMakeFiles/cmTC_6ccd8.dir/build.make CMakeFiles/cmTC_6ccd8.dir/build
make[1]: Entering directory '/home/bajro/Desktop/eth/ethminer/build/CMakeFiles/CMakeTmp'
Building C object CMakeFiles/cmTC_6ccd8.dir/CheckFunctionExists.c.o
/usr/bin/cc   -DCHECK_FUNCTION_EXISTS=pthread_create   -o CMakeFiles/cmTC_6ccd8.dir/CheckFunctionExists.c.o   -c /usr/share/cmake-3.12/Modules/CheckFunctionExists.c
Linking C executable cmTC_6ccd8
/usr/bin/cmake -E cmake_link_script CMakeFiles/cmTC_6ccd8.dir/link.txt --verbose=1
/usr/bin/cc  -DCHECK_FUNCTION_EXISTS=pthread_create    CMakeFiles/cmTC_6ccd8.dir/CheckFunctionExists.c.o  -o cmTC_6ccd8 -lpthreads 
/usr/bin/ld: cannot find -lpthreads
collect2: error: ld returned 1 exit status
make[1]: *** [CMakeFiles/cmTC_6ccd8.dir/build.make:87: cmTC_6ccd8] Error 1
make[1]: Leaving directory '/home/bajro/Desktop/eth/ethminer/build/CMakeFiles/CMakeTmp'
make: *** [Makefile:121: cmTC_6ccd8/fast] Error 2


